<?xml version="1.0" encoding="UTF-8"?>
<!-- Generated by org.testng.reporters.JUnitXMLReporter -->
<testsuite hostname="DESKTOP-TE56L5H" ignored="1" name="Home Page Tests" tests="3" failures="1" timestamp="05 Jun 2019 06:25:34 GMT" time="9.686" errors="0">
  <testcase name="testTitle" time="0.065" classname="ebay.in.tests.HomePageTest"/>
  <testcase name="verifyNavBarElements" time="8.175" classname="ebay.in.tests.HomePageTest"/>
  <testcase name="verifyCarouselElements" time="0.202" classname="ebay.in.tests.HomePageTest">
    <failure type="org.openqa.selenium.WebDriverException" message="unknown error: Element &amp;lt;button class=&amp;quot;carousel__control carousel__control--next&amp;quot; data-direction=&amp;quot;1&amp;quot; aria-describedby=&amp;quot;carousel-status-s0-0-3_1-0-2[0]-1-match-media-0-ebay-carousel&amp;quot; aria-label=&amp;quot;Go to next banner&amp;quot; data-marko=&amp;quot;{&amp;amp;quot;onclick&amp;amp;quot;:&amp;amp;quot;handleMove s0-0-3_1-0-2[0]-1-match-media-0-ebay-carousel false&amp;amp;quot;}&amp;quot;&amp;gt;...&amp;lt;/button&amp;gt; is not clickable at point (1335, 315). Other element would receive the click: &amp;lt;img src=&amp;quot;https://i.ebayimg.com/images/g/iLoAAOSwO-pcGt5A/s-l400.webp&amp;quot; data-load-immediately=&amp;quot;&amp;quot; crossorigin=&amp;quot;anonymous&amp;quot; alt=&amp;quot;Fashion&amp;quot; data-size=&amp;quot;400&amp;quot; data-load-time=&amp;quot;1559715922593&amp;quot; style=&amp;quot;opacity: 1;&amp;quot;&amp;gt;
  (Session info: chrome=74.0.3729.169)
  (Driver info: chromedriver=2.43.600210 (68dcf5eebde37173d4027fa8635e332711d2874a),platform=Windows NT 10.0.17134 x86_64) (WARNING: The server did not provide any stacktrace information)
Command duration or timeout: 0 milliseconds
Build info: version: &amp;apos;3.14.0&amp;apos;, revision: &amp;apos;aacccce0&amp;apos;, time: &amp;apos;2018-08-02T20:19:58.91Z&amp;apos;
System info: host: &amp;apos;DESKTOP-TE56L5H&amp;apos;, ip: &amp;apos;192.168.1.4&amp;apos;, os.name: &amp;apos;Windows 10&amp;apos;, os.arch: &amp;apos;x86&amp;apos;, os.version: &amp;apos;10.0&amp;apos;, java.version: &amp;apos;1.8.0_171&amp;apos;
Driver info: org.openqa.selenium.chrome.ChromeDriver
Capabilities {acceptInsecureCerts: false, acceptSslCerts: false, applicationCacheEnabled: false, browserConnectionEnabled: false, browserName: chrome, chrome: {chromedriverVersion: 2.43.600210 (68dcf5eebde371..., userDataDir: C:\Users\Rama\AppData\Local...}, cssSelectorsEnabled: true, databaseEnabled: false, goog:chromeOptions: {debuggerAddress: localhost:55700}, handlesAlerts: true, hasTouchScreen: false, javascriptEnabled: true, locationContextEnabled: true, mobileEmulationEnabled: false, nativeEvents: true, networkConnectionEnabled: false, pageLoadStrategy: normal, platform: XP, platformName: XP, rotatable: false, setWindowRect: true, takesHeapSnapshot: true, takesScreenshot: true, unexpectedAlertBehaviour: , unhandledPromptBehavior: , version: 74.0.3729.169, webStorageEnabled: true}
Session ID: 3bb5f71edfa4f54d39a17802128dc7c1">
      <![CDATA[org.openqa.selenium.WebDriverException: unknown error: Element <button class="carousel__control carousel__control--next" data-direction="1" aria-describedby="carousel-status-s0-0-3_1-0-2[0]-1-match-media-0-ebay-carousel" aria-label="Go to next banner" data-marko="{&quot;onclick&quot;:&quot;handleMove s0-0-3_1-0-2[0]-1-match-media-0-ebay-carousel false&quot;}">...</button> is not clickable at point (1335, 315). Other element would receive the click: <img src="https://i.ebayimg.com/images/g/iLoAAOSwO-pcGt5A/s-l400.webp" data-load-immediately="" crossorigin="anonymous" alt="Fashion" data-size="400" data-load-time="1559715922593" style="opacity: 1;">
  (Session info: chrome=74.0.3729.169)
  (Driver info: chromedriver=2.43.600210 (68dcf5eebde37173d4027fa8635e332711d2874a),platform=Windows NT 10.0.17134 x86_64) (WARNING: The server did not provide any stacktrace information)
Command duration or timeout: 0 milliseconds
Build info: version: '3.14.0', revision: 'aacccce0', time: '2018-08-02T20:19:58.91Z'
System info: host: 'DESKTOP-TE56L5H', ip: '192.168.1.4', os.name: 'Windows 10', os.arch: 'x86', os.version: '10.0', java.version: '1.8.0_171'
Driver info: org.openqa.selenium.chrome.ChromeDriver
Capabilities {acceptInsecureCerts: false, acceptSslCerts: false, applicationCacheEnabled: false, browserConnectionEnabled: false, browserName: chrome, chrome: {chromedriverVersion: 2.43.600210 (68dcf5eebde371..., userDataDir: C:\Users\Rama\AppData\Local...}, cssSelectorsEnabled: true, databaseEnabled: false, goog:chromeOptions: {debuggerAddress: localhost:55700}, handlesAlerts: true, hasTouchScreen: false, javascriptEnabled: true, locationContextEnabled: true, mobileEmulationEnabled: false, nativeEvents: true, networkConnectionEnabled: false, pageLoadStrategy: normal, platform: XP, platformName: XP, rotatable: false, setWindowRect: true, takesHeapSnapshot: true, takesScreenshot: true, unexpectedAlertBehaviour: , unhandledPromptBehavior: , version: 74.0.3729.169, webStorageEnabled: true}
Session ID: 3bb5f71edfa4f54d39a17802128dc7c1
at org.openqa.selenium.remote.ErrorHandler.createThrowable(ErrorHandler.java:214)
at org.openqa.selenium.remote.ErrorHandler.throwIfResponseFailed(ErrorHandler.java:166)
at org.openqa.selenium.remote.http.JsonHttpResponseCodec.reconstructValue(JsonHttpResponseCodec.java:40)
at org.openqa.selenium.remote.http.AbstractHttpResponseCodec.decode(AbstractHttpResponseCodec.java:80)
at org.openqa.selenium.remote.http.AbstractHttpResponseCodec.decode(AbstractHttpResponseCodec.java:44)
at org.openqa.selenium.remote.HttpCommandExecutor.execute(HttpCommandExecutor.java:158)
at org.openqa.selenium.remote.service.DriverCommandExecutor.execute(DriverCommandExecutor.java:83)
at org.openqa.selenium.remote.RemoteWebDriver.execute(RemoteWebDriver.java:548)
at org.openqa.selenium.remote.RemoteWebElement.execute(RemoteWebElement.java:276)
at org.openqa.selenium.remote.RemoteWebElement.click(RemoteWebElement.java:83)
at org.openqa.selenium.support.pagefactory.internal.LocatingElementHandler.invoke(LocatingElementHandler.java:51)
at com.sun.proxy.$Proxy12.click(Unknown Source)
at ebay.in.pages.HomePage.verifyCarouselHeadings(HomePage.java:107)
at ebay.in.tests.HomePageTest.verifyCarouselElements(HomePageTest.java:62)
... Removed 33 stack frames]]>
    </failure>
  </testcase> <!-- verifyCarouselElements -->
  <testcase name="testProductSearch" time="0.0" classname="ebay.in.tests.HomePageTest">
    <ignored/>
  </testcase> <!-- testProductSearch -->
</testsuite> <!-- Home Page Tests -->
